<?xml version="1.0" encoding="UTF-8"?>
<!-- Generated by org.testng.reporters.JUnitXMLReporter -->
<testsuite ignored="1" hostname="MachineLearner" failures="5" tests="46" name="Test43" time="0.438" errors="0" timestamp="2025-07-27T11:09:36 IST">
  <testcase classname="testNG.DemoS39" name="S39" time="0.007"/>
  <testcase classname="testNG.DemoS38" name="S38" time="0.006"/>
  <testcase classname="testNG.DemoS38" name="S38_1" time="0.007"/>
  <testcase classname="testNG.testNGbasics" name="hello2" time="0.011"/>
  <testcase classname="testNG.testNGbasics" name="myTest" time="0.013"/>
  <testcase classname="testNG.DemoS42" name="S42_Last" time="0.002"/>
  <testcase classname="testNG.DemoS42" name="S42_Mid" time="0.003"/>
  <testcase classname="testNG.DemoS42" name="S42_First" time="0.002"/>
  <testcase classname="testNG.Assertization" name="hasdAssert" time="0.03">
    <failure type="java.lang.AssertionError" message="expected [true] but found [false]">
      <![CDATA[java.lang.AssertionError: expected [true] but found [false]
at testNG.Assertization.hasdAssert(Assertization.java:12)
at java.base/java.util.ArrayList.forEach(ArrayList.java:1541)
... Removed 31 stack frames]]>
    </failure>
  </testcase> <!-- hasdAssert -->
  <testcase classname="testNG.Assertization" name="softAssert" time="0.008">
    <failure type="java.lang.AssertionError" message="The following asserts failed:
	expected [true] but found [false]">
      <![CDATA[java.lang.AssertionError: The following asserts failed:
expected [true] but found [false]
at testNG.Assertization.softAssert(Assertization.java:22)
at java.base/java.util.ArrayList.forEach(ArrayList.java:1541)
... Removed 29 stack frames]]>
    </failure>
  </testcase> <!-- softAssert -->
  <testcase classname="testNG.DemoS41" name="S41_APILogin" time="0.001"/>
  <testcase classname="testNG.DemoS41" name="S41_MobLogin" time="0.001"/>
  <testcase classname="testNG.DemoS41" name="S41_WebLogin" time="0.002"/>
  <testcase classname="testNG.Demo2" name="apiLogin" time="0.002"/>
  <testcase classname="testNG.Demo2" name="mobileLogin" time="0.002"/>
  <testcase classname="testNG.Demo2" name="mobile_sso_Login" time="0.002"/>
  <testcase classname="testNG.Demo2" name="webLogin" time="0.002"/>
  <testcase classname="testNG.Parameterization" name="search1" time="0.002"/>
  <testcase classname="testNG.Parameterization" name="search1" time="0.001"/>
  <testcase classname="testNG.Parameterization" name="search1" time="0.001"/>
  <testcase classname="testNG.Parameterization" name="search2" time="0.0">
    <failure type="org.testng.TestNGException" message="
Parameter &amp;apos;Baseurl&amp;apos; is required by @Test on method search2 but has not been marked @Optional or defined
in /home/dhaval/eclipse-workspace/myBasicTest/testS43.xml">
      <![CDATA[org.testng.TestNGException: 
Parameter 'Baseurl' is required by @Test on method search2 but has not been marked @Optional or defined
in /home/dhaval/eclipse-workspace/myBasicTest/testS43.xml
at java.base/java.util.ArrayList.forEach(ArrayList.java:1541)
... Removed 26 stack frames]]>
    </failure>
  </testcase> <!-- search2 -->
  <testcase classname="testNG.Demo" name="demo2" time="0.002"/>
  <testcase classname="testNG.Demo" name="demo3" time="0.002"/>
  <testcase classname="testNG.Demo" name="hello2" time="0.001"/>
  <testcase classname="testNG.Groups" name="test1" time="0.002"/>
  <testcase classname="testNG.Groups" name="test2" time="0.002"/>
  <testcase classname="testNG.Groups" name="test3" time="0.002"/>
  <testcase classname="testNG.Groups" name="test4" time="0.001"/>
  <testcase classname="testNG.Groups" name="test5" time="0.001"/>
  <testcase classname="testNG.Groups" name="test6" time="0.001"/>
  <testcase classname="testNG.Annotations" name="apiLogin" time="0.001"/>
  <testcase classname="testNG.Annotations" name="mobileLogin" time="0.001"/>
  <testcase classname="testNG.Annotations" name="mobile_sso_Login" time="0.001"/>
  <testcase classname="testNG.Annotations" name="webLogin" time="0.001"/>
  <testcase classname="testNG.MoreAnnotations" name="test1" time="0.001"/>
  <testcase classname="testNG.MoreAnnotations" name="test3" time="0.002"/>
  <testcase classname="testNG.Demo3" name="apiLogin" time="0.002">
    <failure type="java.lang.AssertionError" message="expected [true] but found [false]">
      <![CDATA[java.lang.AssertionError: expected [true] but found [false]
at testNG.Demo3.apiLogin(Demo3.java:23)
at java.base/java.util.ArrayList.forEach(ArrayList.java:1541)
... Removed 31 stack frames]]>
    </failure>
  </testcase> <!-- apiLogin -->
  <testcase classname="testNG.Demo3" name="mobileLogin" time="0.001"/>
  <testcase classname="testNG.Demo3" name="mobile_sso_Login" time="0.001"/>
  <testcase classname="testNG.Demo3" name="webLogin" time="0.001"/>
  <testcase classname="testNG.Demo4" name="display" time="0.002">
    <skipped/>
  </testcase> <!-- display -->
  <testcase classname="testNG.Demo4" name="display" time="0.001">
    <skipped/>
  </testcase> <!-- display -->
  <testcase classname="testNG.Demo4" name="display" time="0.001">
    <skipped/>
  </testcase> <!-- display -->
  <testcase classname="testNG.Demo4" name="display" time="0.001">
    <failure type="java.lang.AssertionError" message="expected [hi] but found [he]">
      <![CDATA[java.lang.AssertionError: expected [hi] but found [he]
at testNG.Demo4.display(Demo4.java:27)
at java.base/java.util.ArrayList.forEach(ArrayList.java:1541)
... Removed 33 stack frames]]>
    </failure>
  </testcase> <!-- display -->
  <testcase classname="testNG.Demo4" name="last" time="0.001"/>
  <testcase classname="testNG.Demo4" name="last2" time="0.001"/>
  <testcase classname="testNG.MoreAnnotations" name="test2" time="0.0">
    <ignored/>
  </testcase> <!-- test2 -->
</testsuite> <!-- Test43 -->
